Attempting to login to website
Getting __RequestVerificationToken Value
Performing website login sequence
Logged into the VETS-4212 system.
Getting report IDs using JSON
Retrieved initial report data.
Exception happened while getting report IDs from JSON with message: The remote server returned an error: (400) Bad Request.
Getting report IDs using JSON
Retrieved initial report data.
Exception happened while getting report IDs from JSON with message: The remote server returned an error: (400) Bad Request.
Getting report IDs using JSON
Retrieved initial report data.
Exception happened while getting report IDs from JSON with message: The remote server returned an error: (400) Bad Request.
Getting report IDs using JSON
Retrieved initial report data.
Exception happened while getting report IDs from JSON with message: The remote server returned an error: (400) Bad Request.
Getting report IDs using JSON
Retrieved initial report data.
Exception happened while getting report IDs from JSON with message: The remote server returned an error: (400) Bad Request.
Getting report IDs using JSON
Retrieved initial report data.
Exception happened while getting report IDs from JSON with message: The remote server returned an error: (400) Bad Request.
Getting report IDs using JSON
Retrieved initial report data.
Exception happened while getting report IDs from JSON with message: The remote server returned an error: (400) Bad Request.
Getting report IDs using JSON
Retrieved initial report data.
Exception happened while getting report IDs from JSON with message: The remote server returned an error: (400) Bad Request.
Getting report IDs using JSON
Retrieved initial report data.
Exception happened while getting report IDs from JSON with message: The remote server returned an error: (400) Bad Request.
Getting report IDs using JSON
Retrieved initial report data.
Exception happened while getting report IDs from JSON with message: The remote server returned an error: (400) Bad Request.
Getting report IDs using JSON
Retrieved initial report data.
Exception happened while getting report IDs from JSON with message: The remote server returned an error: (400) Bad Request.
Getting report IDs using JSON
Retrieved initial report data.
Exception happened while getting report IDs from JSON with message: The remote server returned an error: (400) Bad Request.
Getting report IDs using JSON
Retrieved initial report data.
Exception happened while getting report IDs from JSON with message: The remote server returned an error: (400) Bad Request.
Getting report IDs using JSON
Retrieved initial report data.
Exception happened while getting report IDs from JSON with message: The remote server returned an error: (400) Bad Request.
Getting report IDs using JSON
Retrieved initial report data.
Exception happened while getting report IDs from JSON with message: The remote server returned an error: (400) Bad Request.
Getting report IDs using JSON
Retrieved initial report data.
Exception happened while getting report IDs from JSON with message: The remote server returned an error: (400) Bad Request.
Getting report IDs using JSON
Retrieved initial report data.
Exception happened while getting report IDs from JSON with message: The remote server returned an error: (400) Bad Request.
Getting report IDs using JSON
Retrieved initial report data.
Exception happened while getting report IDs from JSON with message: The remote server returned an error: (400) Bad Request.
Getting report IDs using JSON
Retrieved initial report data.
Exception happened while getting report IDs from JSON with message: The remote server returned an error: (400) Bad Request.
Getting report IDs using JSON
Retrieved initial report data.
Exception happened while getting report IDs from JSON with message: The remote server returned an error: (400) Bad Request.
Getting report IDs using JSON
Retrieved initial report data.
Exception happened while getting report IDs from JSON with message: The remote server returned an error: (400) Bad Request.
Getting report IDs using JSON
Retrieved initial report data.
Exception happened while getting report IDs from JSON with message: The remote server returned an error: (400) Bad Request.
Getting report IDs using JSON
Retrieved initial report data.
Exception happened while getting report IDs from JSON with message: The remote server returned an error: (400) Bad Request.
Getting report IDs using JSON
Retrieved initial report data.
Exception happened while getting report IDs from JSON with message: The remote server returned an error: (400) Bad Request.
Getting report IDs using JSON
Retrieved initial report data.
Exception happened while getting report IDs from JSON with message: The remote server returned an error: (400) Bad Request.
Getting report IDs using JSON
Retrieved initial report data.
Exception happened while getting report IDs from JSON with message: The remote server returned an error: (400) Bad Request.
Getting report IDs using JSON
Retrieved initial report data.
Exception happened while getting report IDs from JSON with message: The remote server returned an error: (400) Bad Request.
Getting report IDs using JSON
Retrieved initial report data.
Exception happened while getting report IDs from JSON with message: The remote server returned an error: (400) Bad Request.
Getting report IDs using JSON
Retrieved initial report data.
Exception happened while getting report IDs from JSON with message: The remote server returned an error: (400) Bad Request.
Getting report IDs using JSON
Retrieved initial report data.
Exception happened while getting report IDs from JSON with message: The remote server returned an error: (400) Bad Request.
Getting report IDs using JSON
Retrieved initial report data.
Exception happened while getting report IDs from JSON with message: The remote server returned an error: (400) Bad Request.
Getting report IDs using JSON
Retrieved initial report data.
Exception happened while getting report IDs from JSON with message: The remote server returned an error: (400) Bad Request.
Getting report IDs using JSON
Retrieved initial report data.
Exception happened while getting report IDs from JSON with message: The remote server returned an error: (400) Bad Request.
Getting report IDs using JSON
Retrieved initial report data.
Exception happened while getting report IDs from JSON with message: The remote server returned an error: (400) Bad Request.
Getting report IDs using JSON
Retrieved initial report data.
Exception happened while getting report IDs from JSON with message: The remote server returned an error: (400) Bad Request.
Getting report IDs using JSON
Retrieved initial report data.
Exception happened while getting report IDs from JSON with message: The remote server returned an error: (400) Bad Request.
Getting report IDs using JSON
Retrieved initial report data.
Exception happened while getting report IDs from JSON with message: The remote server returned an error: (400) Bad Request.
Getting report IDs using JSON
Retrieved initial report data.
Exception happened while getting report IDs from JSON with message: The remote server returned an error: (400) Bad Request.
Getting report IDs using JSON
Retrieved initial report data.
Exception happened while getting report IDs from JSON with message: The remote server returned an error: (400) Bad Request.
Getting report IDs using JSON
Retrieved initial report data.
Exception happened while getting report IDs from JSON with message: The remote server returned an error: (400) Bad Request.
Getting report IDs using JSON
Retrieved initial report data.
Exception happened while getting report IDs from JSON with message: The remote server returned an error: (400) Bad Request.
Getting report IDs using JSON
Retrieved initial report data.
Exception happened while getting report IDs from JSON with message: The remote server returned an error: (400) Bad Request.
Getting report IDs using JSON
Retrieved initial report data.
Exception happened while getting report IDs from JSON with message: The remote server returned an error: (400) Bad Request.
Getting report IDs using JSON
Retrieved initial report data.
Exception happened while getting report IDs from JSON with message: The remote server returned an error: (400) Bad Request.
Getting report IDs using JSON
Retrieved initial report data.
Exception happened while getting report IDs from JSON with message: The remote server returned an error: (400) Bad Request.
Getting report IDs using JSON
Retrieved initial report data.
Exception happened while getting report IDs from JSON with message: The remote server returned an error: (400) Bad Request.
Getting report IDs using JSON
Retrieved initial report data.
Exception happened while getting report IDs from JSON with message: The remote server returned an error: (400) Bad Request.
Getting report IDs using JSON
Retrieved initial report data.
Exception happened while getting report IDs from JSON with message: The remote server returned an error: (400) Bad Request.
Getting report IDs using JSON
Retrieved initial report data.
Exception happened while getting report IDs from JSON with message: The remote server returned an error: (400) Bad Request.
Getting report IDs using JSON
Retrieved initial report data.
Exception happened while getting report IDs from JSON with message: The remote server returned an error: (400) Bad Request.
Getting report IDs using JSON
Retrieved initial report data.
Exception happened while getting report IDs from JSON with message: The remote server returned an error: (400) Bad Request.
Getting report IDs using JSON
Retrieved initial report data.
Exception happened while getting report IDs from JSON with message: The remote server returned an error: (400) Bad Request.
Getting report IDs using JSON
Retrieved initial report data.
Exception happened while getting report IDs from JSON with message: The remote server returned an error: (400) Bad Request.
Getting report IDs using JSON
Retrieved initial report data.
Exception happened while getting report IDs from JSON with message: The remote server returned an error: (400) Bad Request.
Getting report IDs using JSON
Retrieved initial report data.
Exception happened while getting report IDs from JSON with message: The remote server returned an error: (400) Bad Request.
Getting report IDs using JSON
Retrieved initial report data.
Exception happened while getting report IDs from JSON with message: The remote server returned an error: (400) Bad Request.
Getting report IDs using JSON
Retrieved initial report data.
Exception happened while getting report IDs from JSON with message: The remote server returned an error: (400) Bad Request.
Getting report IDs using JSON
Retrieved initial report data.
Exception happened while getting report IDs from JSON with message: The remote server returned an error: (400) Bad Request.
Getting report IDs using JSON
Retrieved initial report data.
Exception happened while getting report IDs from JSON with message: The remote server returned an error: (400) Bad Request.
Getting report IDs using JSON
Retrieved initial report data.
Exception happened while getting report IDs from JSON with message: The remote server returned an error: (400) Bad Request.
Getting report IDs using JSON
Retrieved initial report data.
Exception happened while getting report IDs from JSON with message: The remote server returned an error: (400) Bad Request.
Getting report IDs using JSON
Retrieved initial report data.
Exception happened while getting report IDs from JSON with message: The remote server returned an error: (400) Bad Request.
Getting report IDs using JSON
Retrieved initial report data.
Exception happened while getting report IDs from JSON with message: The remote server returned an error: (400) Bad Request.
Getting report IDs using JSON
Retrieved initial report data.
Exception happened while getting report IDs from JSON with message: The remote server returned an error: (400) Bad Request.
Getting report IDs using JSON
Retrieved initial report data.
Exception happened while getting report IDs from JSON with message: The remote server returned an error: (400) Bad Request.
Getting report IDs using JSON
Retrieved initial report data.
Exception happened while getting report IDs from JSON with message: The remote server returned an error: (400) Bad Request.
Getting report IDs using JSON
Retrieved initial report data.
Exception happened while getting report IDs from JSON with message: The remote server returned an error: (400) Bad Request.
Getting report IDs using JSON
Retrieved initial report data.
Exception happened while getting report IDs from JSON with message: The remote server returned an error: (400) Bad Request.
Getting report IDs using JSON
Retrieved initial report data.
Exception happened while getting report IDs from JSON with message: The remote server returned an error: (400) Bad Request.
Getting report IDs using JSON
Retrieved initial report data.
Exception happened while getting report IDs from JSON with message: The remote server returned an error: (400) Bad Request.
Getting report IDs using JSON
Retrieved initial report data.
Exception happened while getting report IDs from JSON with message: The remote server returned an error: (400) Bad Request.
Getting report IDs using JSON
Retrieved initial report data.
Exception happened while getting report IDs from JSON with message: The remote server returned an error: (400) Bad Request.
Getting report IDs using JSON
Retrieved initial report data.
Exception happened while getting report IDs from JSON with message: The remote server returned an error: (400) Bad Request.
Getting report IDs using JSON
Retrieved initial report data.
Exception happened while getting report IDs from JSON with message: The remote server returned an error: (400) Bad Request.
Getting report IDs using JSON
Retrieved initial report data.
Exception happened while getting report IDs from JSON with message: The remote server returned an error: (400) Bad Request.
Getting report IDs using JSON
Retrieved initial report data.
Exception happened while getting report IDs from JSON with message: The remote server returned an error: (400) Bad Request.
Getting report IDs using JSON
Retrieved initial report data.
Exception happened while getting report IDs from JSON with message: The remote server returned an error: (400) Bad Request.
Getting report IDs using JSON
Retrieved initial report data.
Exception happened while getting report IDs from JSON with message: The remote server returned an error: (400) Bad Request.
Getting report IDs using JSON
Retrieved initial report data.
Exception happened while getting report IDs from JSON with message: The remote server returned an error: (400) Bad Request.
Getting report IDs using JSON
Retrieved initial report data.
Exception happened while getting report IDs from JSON with message: The remote server returned an error: (400) Bad Request.
Getting report IDs using JSON
Retrieved initial report data.
Exception happened while getting report IDs from JSON with message: The remote server returned an error: (400) Bad Request.
Getting report IDs using JSON
Retrieved initial report data.
Exception happened while getting report IDs from JSON with message: The remote server returned an error: (400) Bad Request.
Getting report IDs using JSON
Retrieved initial report data.
Exception happened while getting report IDs from JSON with message: The remote server returned an error: (400) Bad Request.
Getting report IDs using JSON
Retrieved initial report data.
Exception happened while getting report IDs from JSON with message: The remote server returned an error: (400) Bad Request.
Getting report IDs using JSON
Retrieved initial report data.
Exception happened while getting report IDs from JSON with message: The remote server returned an error: (400) Bad Request.
Getting report IDs using JSON
Retrieved initial report data.
Exception happened while getting report IDs from JSON with message: The remote server returned an error: (400) Bad Request.
Getting report IDs using JSON
Retrieved initial report data.
Exception happened while getting report IDs from JSON with message: The remote server returned an error: (400) Bad Request.
Getting report IDs using JSON
Retrieved initial report data.
Exception happened while getting report IDs from JSON with message: The remote server returned an error: (400) Bad Request.
Getting report IDs using JSON
Retrieved initial report data.
Exception happened while getting report IDs from JSON with message: The remote server returned an error: (400) Bad Request.
Getting report IDs using JSON
Retrieved initial report data.
Exception happened while getting report IDs from JSON with message: The remote server returned an error: (400) Bad Request.
Getting report IDs using JSON
Retrieved initial report data.
Exception happened while getting report IDs from JSON with message: The remote server returned an error: (400) Bad Request.
Getting report IDs using JSON
Retrieved initial report data.
Exception happened while getting report IDs from JSON with message: The remote server returne